2020-05-09 11:33:07,790 login_code.py---> test_click_button 20 INFO this is test_click_btton
2020-05-09 14:06:46,615 login_password.py---> test_login_code_error 20 INFO this is test_login_phone_number_error
2020-05-09 14:06:52,929 login_password.py---> test_login_forward_process 20 INFO this is test_login_forward_process
2020-05-09 14:06:57,271 login_password.py---> test_login_phone_and_code_error 20 INFO this is test_login_phone_number_error
2020-05-09 14:07:03,697 login_password.py---> test_no_send_click_button 20 INFO this is test_no_send_click_button
2020-05-09 14:08:05,112 login_password.py---> test_login_forward_process 20 INFO this is test_login_forward_process
2020-05-09 14:09:02,496 login_password.py---> test_login_forward_process 20 INFO this is test_login_forward_process
2020-05-09 14:24:19,464 login_password.py---> test_login_code_error 20 INFO this is test_login_phone_number_error
2020-05-09 14:24:25,032 login_password.py---> test_login_forward_process 20 INFO this is test_login_forward_process
2020-05-09 14:24:31,030 login_password.py---> test_login_phone_and_code_error 20 INFO this is test_login_phone_number_error
2020-05-09 14:24:36,127 login_password.py---> test_no_send_click_button 20 INFO this is test_no_send_click_button
2020-05-09 14:24:56,080 login_password.py---> test_login_code_error 20 INFO this is test_login_phone_number_error
2020-05-09 14:25:01,401 login_password.py---> test_login_forward_process 20 INFO this is test_login_forward_process
2020-05-09 14:25:06,701 login_password.py---> test_login_phone_and_code_error 20 INFO this is test_login_phone_number_error
2020-05-09 14:25:11,473 login_password.py---> test_no_send_click_button 20 INFO this is test_no_send_click_button
2020-05-09 14:25:16,271 login_password.py---> test_switch_code_mode 20 INFO this is switch_code_mode
2020-05-09 14:25:39,293 login_password.py---> test_login_code_error 20 INFO this is test_login_phone_number_error
2020-05-09 14:25:44,152 login_password.py---> test_login_forward_process 20 INFO this is test_login_forward_process
2020-05-09 14:25:49,509 login_password.py---> test_login_phone_and_code_error 20 INFO this is test_login_phone_number_error
2020-05-09 14:25:54,755 login_password.py---> test_no_send_click_button 20 INFO this is test_no_send_click_button
2020-05-09 14:25:59,672 login_password.py---> test_switch_code_mode 20 INFO this is switch_code_mode
2020-05-09 14:26:14,172 login_password.py---> test_switch_code_mode 20 INFO this is switch_code_mode
2020-05-09 14:26:24,148 login_password.py---> test_switch_code_mode 20 INFO this is switch_code_mode
2020-05-09 14:27:22,750 login_password.py---> test_switch_code_mode 20 INFO this is switch_code_mode
2020-05-09 14:28:52,961 login_password.py---> test_switch_code_mode 20 INFO this is switch_code_mode
2020-05-09 14:29:37,417 login_password.py---> test_switch_code_mode 20 INFO this is switch_code_mode
2020-05-09 14:29:53,025 login_password.py---> test_switch_code_mode 20 INFO this is switch_code_mode
2020-05-09 14:30:46,624 login_password.py---> test_switch_code_mode 20 INFO this is switch_code_mode
2020-05-09 14:46:41,237 login_password.py---> test_switch_retrieve_the_password_mode 20 INFO this is test_switch_retrieve_the_password_mode
2020-05-09 14:49:08,904 login_code.py---> test_click_button 20 INFO this is test_click_btton
2020-05-09 14:49:15,584 login_code.py---> test_login_code_error 20 INFO this is test_login_phone_number_error
2020-05-09 14:49:22,232 login_code.py---> test_login_forward_process 20 INFO this is test_login_forward_process
2020-05-09 14:49:30,493 login_code.py---> test_login_phone_and_code_error 20 INFO this is test_login_phone_number_error
2020-05-09 14:49:37,302 login_code.py---> test_login_phone_error 20 INFO this is test_login_phone_number_error
2020-05-09 14:49:43,152 login_code.py---> test_login_switch_sms_to_password 20 INFO this is test_login_switch_sms_to_password
2020-05-09 14:49:46,917 login_code.py---> test_click_button 20 INFO this is test_click_btton
2020-05-09 14:49:52,772 login_code.py---> test_login_code_error 20 INFO this is test_login_phone_number_error
2020-05-09 14:49:58,997 login_code.py---> test_login_forward_process 20 INFO this is test_login_forward_process
2020-05-09 14:50:04,912 login_code.py---> test_login_phone_and_code_error 20 INFO this is test_login_phone_number_error
2020-05-09 14:50:11,209 login_code.py---> test_login_phone_error 20 INFO this is test_login_phone_number_error
2020-05-09 14:50:17,509 login_code.py---> test_login_switch_sms_to_password 20 INFO this is test_login_switch_sms_to_password
2020-05-09 15:06:07,389 login_code.py---> test_click_button 20 INFO this is test_click_btton
2020-05-09 15:06:13,250 login_code.py---> test_login_code_error 20 INFO this is test_login_phone_number_error
2020-05-09 15:06:19,133 login_code.py---> test_login_forward_process 20 INFO this is test_login_forward_process
2020-05-09 15:06:27,179 login_code.py---> test_login_phone_and_code_error 20 INFO this is test_login_phone_number_error
2020-05-09 15:06:32,918 login_code.py---> test_login_phone_error 20 INFO this is test_login_phone_number_error
2020-05-09 15:06:38,760 login_code.py---> test_login_switch_sms_to_password 20 INFO this is test_login_switch_sms_to_password
2020-05-09 15:06:43,087 login_password.py---> test_login_code_error 20 INFO this is test_login_phone_number_error
2020-05-09 15:06:48,401 login_password.py---> test_login_forward_process 20 INFO this is test_login_forward_process
2020-05-09 15:06:54,298 login_password.py---> test_login_phone_and_code_error 20 INFO this is test_login_phone_number_error
2020-05-09 15:07:00,107 login_password.py---> test_no_send_click_button 20 INFO this is test_no_send_click_button
2020-05-09 15:07:05,017 login_password.py---> test_switch_code_mode 20 INFO this is test_switch_code_mode
2020-05-09 15:07:10,448 login_password.py---> test_switch_retrieve_the_password_mode 20 INFO this is test_switch_retrieve_the_password_mode
